<?xml version="1.0" encoding="UTF-8"?>
<!-- Generated by org.testng.reporters.JUnitReportReporter -->
<testsuite hostname="LAPTOP-C7A3HEQF" failures="0" tests="1" name="GoogleTest" time="19.041" errors="0" timestamp="2023-01-18T16:07:03 IST" skipped="0">
  <testcase classname="GoogleTest" name="HomePageCheck" time="19.041"/>
  <system-out/>
</testsuite> <!-- GoogleTest -->
